{
  "RSpec": {
    "coverage": {
      "/Users/tylerporter/Turing/mod2/adopt_dont_shop_2001/config/environment.rb": [
        null,
        1,
        null,
        null,
        1
      ],
      "/Users/tylerporter/Turing/mod2/adopt_dont_shop_2001/config/application.rb": [
        1,
        null,
        1,
        null,
        1,
        1,
        1,
        1,
        1,
        1,
        1,
        1,
        null,
        null,
        null,
        null,
        1,
        null,
        1,
        1,
        null,
        1,
        null,
        null,
        null,
        null,
        null,
        null,
        1,
        null,
        null
      ],
      "/Users/tylerporter/Turing/mod2/adopt_dont_shop_2001/config/boot.rb": [
        1,
        null,
        1
      ],
      "/Users/tylerporter/Turing/mod2/adopt_dont_shop_2001/config/environments/test.rb": [
        1,
        null,
        null,
        null,
        null,
        null,
        null,
        1,
        null,
        null,
        null,
        null,
        1,
        null,
        null,
        1,
        1,
        null,
        null,
        null,
        null,
        1,
        1,
        null,
        null,
        1,
        null,
        null,
        1,
        1,
        null,
        null,
        null,
        null,
        1,
        null,
        null,
        1,
        null,
        null,
        null,
        null
      ],
      "/Users/tylerporter/Turing/mod2/adopt_dont_shop_2001/config/initializers/application_controller_renderer.rb": [
        null,
        null,
        null,
        null,
        null,
        null,
        null,
        null
      ],
      "/Users/tylerporter/Turing/mod2/adopt_dont_shop_2001/config/initializers/assets.rb": [
        null,
        null,
        null,
        1,
        null,
        null,
        null,
        null,
        1,
        null,
        null,
        null,
        null,
        null
      ],
      "/Users/tylerporter/Turing/mod2/adopt_dont_shop_2001/config/initializers/backtrace_silencers.rb": [
        null,
        null,
        null,
        null,
        null,
        null,
        null
      ],
      "/Users/tylerporter/Turing/mod2/adopt_dont_shop_2001/config/initializers/cookies_serializer.rb": [
        null,
        null,
        null,
        null,
        1
      ],
      "/Users/tylerporter/Turing/mod2/adopt_dont_shop_2001/config/initializers/filter_parameter_logging.rb": [
        null,
        null,
        null,
        1
      ],
      "/Users/tylerporter/Turing/mod2/adopt_dont_shop_2001/config/initializers/inflections.rb": [
        null,
        null,
        null,
        null,
        null,
        null,
        null,
        null,
        null,
        null,
        null,
        null,
        null,
        null,
        null,
        null
      ],
      "/Users/tylerporter/Turing/mod2/adopt_dont_shop_2001/config/initializers/mime_types.rb": [
        null,
        null,
        null,
        null
      ],
      "/Users/tylerporter/Turing/mod2/adopt_dont_shop_2001/config/initializers/wrap_parameters.rb": [
        null,
        null,
        null,
        null,
        null,
        null,
        1,
        2,
        null,
        null,
        null,
        null,
        null,
        null
      ],
      "/Users/tylerporter/Turing/mod2/adopt_dont_shop_2001/config/routes.rb": [
        1,
        1,
        null,
        1,
        1,
        1,
        1,
        1,
        1,
        1,
        1,
        1,
        1,
        1,
        null,
        1,
        1,
        1,
        1,
        1,
        null
      ],
      "/Users/tylerporter/Turing/mod2/adopt_dont_shop_2001/app/helpers/application_helper.rb": [
        1,
        null
      ],
      "/Users/tylerporter/Turing/mod2/adopt_dont_shop_2001/spec/features/pets/usability_spec.rb": [
        1,
        null,
        1,
        1,
        2,
        null,
        null,
        null,
        null,
        null,
        2,
        null,
        null,
        null,
        null,
        null,
        2,
        null,
        null,
        null,
        null,
        null,
        null,
        2,
        null,
        null,
        null,
        null,
        null,
        null,
        2,
        null,
        null,
        null,
        null,
        null,
        null,
        null,
        null,
        1,
        1,
        null,
        1,
        1,
        null,
        null,
        1,
        null,
        null,
        1,
        1,
        null,
        1,
        1,
        1,
        null,
        1,
        1,
        null,
        null,
        1,
        1,
        1,
        1,
        null,
        null,
        null
      ],
      "/Users/tylerporter/Turing/mod2/adopt_dont_shop_2001/spec/features/pets/user_can_add_a_new_pet_spec.rb": [
        1,
        null,
        1,
        1,
        1,
        null,
        null,
        null,
        null,
        null,
        1,
        1,
        null,
        1,
        null,
        1,
        1,
        1,
        1,
        1,
        1,
        null,
        1,
        1,
        1,
        1,
        1,
        null,
        null
      ],
      "/Users/tylerporter/Turing/mod2/adopt_dont_shop_2001/spec/features/pets/user_can_delete_a_pet_spec.rb": [
        1,
        null,
        1,
        1,
        1,
        null,
        null,
        null,
        null,
        null,
        1,
        null,
        null,
        null,
        null,
        null,
        null,
        1,
        null,
        null,
        null,
        null,
        null,
        null,
        1,
        null,
        1,
        null,
        1,
        1,
        null,
        1,
        1,
        1,
        null,
        null
      ],
      "/Users/tylerporter/Turing/mod2/adopt_dont_shop_2001/spec/features/pets/user_can_edit_pets_spec.rb": [
        1,
        null,
        1,
        1,
        1,
        null,
        null,
        null,
        null,
        null,
        1,
        null,
        null,
        null,
        null,
        null,
        null,
        1,
        1,
        null,
        1,
        null,
        1,
        1,
        1,
        1,
        1,
        1,
        null,
        1,
        null,
        1,
        1,
        1,
        1,
        1,
        1,
        1,
        null,
        null
      ],
      "/Users/tylerporter/Turing/mod2/adopt_dont_shop_2001/spec/features/pets/user_can_see_all_pets_spec.rb": [
        1,
        null,
        1,
        1,
        1,
        1,
        null,
        1,
        null,
        null,
        null,
        1,
        1,
        1,
        null,
        null,
        null,
        null,
        null,
        1,
        null,
        null,
        null,
        null,
        null,
        1,
        null,
        1,
        1,
        1,
        1,
        1,
        null,
        null
      ],
      "/Users/tylerporter/Turing/mod2/adopt_dont_shop_2001/spec/features/pets/user_can_see_one_pet_spec.rb": [
        1,
        null,
        1,
        1,
        1,
        null,
        null,
        null,
        null,
        null,
        1,
        null,
        null,
        null,
        null,
        null,
        null,
        null,
        1,
        null,
        null,
        null,
        null,
        null,
        null,
        null,
        1,
        null,
        1,
        1,
        1,
        1,
        1,
        1,
        null,
        1,
        null,
        1,
        1,
        1,
        1,
        1,
        1,
        null,
        null
      ],
      "/Users/tylerporter/Turing/mod2/adopt_dont_shop_2001/spec/features/shelters/usability_spec.rb": [
        1,
        null,
        1,
        1,
        4,
        null,
        null,
        null,
        null,
        null,
        4,
        null,
        null,
        null,
        null,
        null,
        4,
        null,
        null,
        null,
        null,
        null,
        null,
        4,
        null,
        null,
        null,
        null,
        null,
        null,
        4,
        null,
        null,
        null,
        null,
        null,
        null,
        null,
        null,
        1,
        1,
        null,
        1,
        1,
        null,
        null,
        1,
        null,
        null,
        1,
        1,
        null,
        1,
        1,
        null,
        null,
        1,
        1,
        null,
        null,
        1,
        1,
        1,
        null,
        1,
        1,
        null,
        null,
        1,
        null,
        null,
        1,
        1,
        null,
        1,
        1,
        null,
        1,
        1,
        null,
        null,
        1,
        1,
        1,
        null,
        null,
        null,
        null
      ],
      "/Users/tylerporter/Turing/mod2/adopt_dont_shop_2001/spec/features/shelters/user_can_add_new_shelters_spec.rb": [
        1,
        null,
        1,
        1,
        1,
        1,
        null,
        1,
        null,
        1,
        1,
        1,
        1,
        1,
        1,
        null,
        1,
        1,
        null,
        1,
        1,
        1,
        1,
        1,
        1,
        null,
        null
      ],
      "/Users/tylerporter/Turing/mod2/adopt_dont_shop_2001/spec/features/shelters/user_can_delete_a_shelter_spec.rb": [
        1,
        null,
        1,
        1,
        1,
        null,
        null,
        null,
        null,
        1,
        null,
        null,
        null,
        null,
        1,
        null,
        1,
        1,
        null,
        1,
        1,
        null,
        1,
        1,
        1,
        null,
        null
      ],
      "/Users/tylerporter/Turing/mod2/adopt_dont_shop_2001/spec/features/shelters/user_can_edit_shelters_spec.rb": [
        1,
        null,
        1,
        1,
        1,
        null,
        null,
        null,
        null,
        1,
        1,
        null,
        1,
        null,
        1,
        1,
        1,
        1,
        1,
        1,
        null,
        1,
        null,
        1,
        1,
        1,
        1,
        1,
        null,
        null
      ],
      "/Users/tylerporter/Turing/mod2/adopt_dont_shop_2001/spec/features/shelters/user_can_see_all_shelters_spec.rb": [
        1,
        null,
        1,
        1,
        1,
        null,
        null,
        null,
        null,
        null,
        1,
        null,
        null,
        null,
        null,
        null,
        1,
        null,
        1,
        1,
        null,
        1,
        1,
        null,
        null,
        null,
        null,
        null,
        1,
        null,
        null,
        null,
        null,
        null,
        1,
        null,
        1,
        null,
        1,
        null,
        1,
        1,
        1,
        1,
        null,
        null,
        null,
        null
      ],
      "/Users/tylerporter/Turing/mod2/adopt_dont_shop_2001/spec/features/shelters/user_can_see_one_shelter_spec.rb": [
        1,
        null,
        1,
        1,
        1,
        1,
        null,
        1,
        null,
        null,
        null,
        1,
        1,
        1,
        null,
        null,
        null,
        null,
        1,
        null,
        null,
        null,
        null,
        1,
        null,
        1,
        1,
        1,
        1,
        1,
        null,
        1,
        null,
        1,
        1,
        1,
        1,
        1,
        null,
        null
      ],
      "/Users/tylerporter/Turing/mod2/adopt_dont_shop_2001/spec/features/shelters/user_can_see_pets_of_shelter_spec.rb": [
        1,
        null,
        1,
        1,
        1,
        null,
        null,
        null,
        null,
        null,
        1,
        null,
        null,
        null,
        null,
        null,
        1,
        null,
        null,
        null,
        null,
        null,
        1,
        null,
        1,
        1,
        1,
        1,
        1,
        1,
        1,
        1,
        1,
        null,
        null
      ],
      "/Users/tylerporter/Turing/mod2/adopt_dont_shop_2001/spec/features/welcome/welcome_page_spec.rb": [
        1,
        null,
        1,
        1,
        1,
        null,
        1,
        null,
        null
      ],
      "/Users/tylerporter/Turing/mod2/adopt_dont_shop_2001/spec/models/pet_spec.rb": [
        1,
        null,
        1,
        1,
        6,
        null,
        null,
        null,
        null,
        null,
        6,
        null,
        null,
        null,
        null,
        null,
        6,
        null,
        null,
        null,
        null,
        null,
        null,
        6,
        null,
        null,
        null,
        null,
        null,
        null,
        6,
        null,
        null,
        null,
        null,
        null,
        null,
        null,
        1,
        2,
        2,
        2,
        2,
        2,
        null,
        1,
        2,
        null,
        null
      ],
      "/Users/tylerporter/Turing/mod2/adopt_dont_shop_2001/app/models/pet.rb": [
        1,
        1,
        1,
        null,
        null,
        null,
        null,
        null
      ],
      "/Users/tylerporter/Turing/mod2/adopt_dont_shop_2001/app/models/application_record.rb": [
        1,
        1,
        null
      ],
      "/Users/tylerporter/Turing/mod2/adopt_dont_shop_2001/spec/models/shelter_spec.rb": [
        1,
        null,
        1,
        1,
        2,
        2,
        2,
        2,
        2,
        null,
        1,
        2,
        null,
        1,
        1,
        1,
        null,
        null,
        null,
        null,
        null,
        1,
        null,
        null,
        null,
        null,
        null,
        1,
        null,
        null,
        null
      ],
      "/Users/tylerporter/Turing/mod2/adopt_dont_shop_2001/app/models/shelter.rb": [
        1,
        1,
        1,
        null,
        null,
        null,
        null,
        1,
        2,
        null,
        null
      ],
      "/Users/tylerporter/Turing/mod2/adopt_dont_shop_2001/app/controllers/welcome_controller.rb": [
        1,
        1,
        null
      ],
      "/Users/tylerporter/Turing/mod2/adopt_dont_shop_2001/app/controllers/application_controller.rb": [
        1,
        1,
        null
      ],
      "/Users/tylerporter/Turing/mod2/adopt_dont_shop_2001/app/controllers/pets_controller.rb": [
        1,
        null,
        1,
        18,
        null,
        null,
        1,
        1,
        null,
        null,
        1,
        1,
        1,
        1,
        null,
        null,
        1,
        8,
        null,
        null,
        1,
        6,
        null,
        null,
        1,
        1,
        1,
        null,
        null,
        1,
        3,
        3,
        null,
        null,
        1,
        null,
        1,
        2,
        null,
        null,
        null
      ],
      "/Users/tylerporter/Turing/mod2/adopt_dont_shop_2001/app/controllers/shelters_controller.rb": [
        1,
        null,
        1,
        20,
        null,
        null,
        1,
        null,
        1,
        1,
        1,
        null,
        null,
        1,
        9,
        null,
        null,
        1,
        5,
        null,
        null,
        1,
        1,
        1,
        null,
        null,
        1,
        2,
        2,
        null,
        null,
        1,
        null,
        1,
        2,
        null,
        null,
        null
      ],
      "/Users/tylerporter/Turing/mod2/adopt_dont_shop_2001/app/controllers/shelter_pets_controller.rb": [
        1,
        null,
        1,
        5,
        null,
        null,
        null
      ],
      "/Users/tylerporter/Turing/mod2/adopt_dont_shop_2001/app/controllers/shelters_sort_controller.rb": [
        1,
        null,
        1,
        1,
        null,
        null,
        null
      ]
    },
    "timestamp": 1584819279
  }
}
